<?xml version="1.0" encoding="UTF-8"?>
<!-- Generated by org.testng.reporters.JUnitReportReporter -->
<testsuite skipped="0" hostname="DESKTOP-2H7LN3B" name="com.actitime.loginlogout.TC_AT_LoginLogout_Valid" tests="1" failures="0" timestamp="13 Feb 2020 01:37:06 GMT" time="16.197" errors="0">
  <testcase name="TC_AT_LoginLogout_ValidTest" time="16.197" classname="com.actitime.loginlogout.TC_AT_LoginLogout_Valid"/>
</testsuite> <!-- com.actitime.loginlogout.TC_AT_LoginLogout_Valid -->
