<?xml version="1.0" encoding="UTF-8"?>
<!-- Generated by org.testng.reporters.JUnitReportReporter -->
<testsuite skipped="0" hostname="DESKTOP-2H7LN3B" name="com.actitime.customer.TC_Customer_Create_Valid" tests="1" failures="0" timestamp="05 Feb 2020 02:54:56 GMT" time="25.904" errors="0">
  <testcase name="TC_Customer_Create_Valid_Test" time="25.904" classname="com.actitime.customer.TC_Customer_Create_Valid"/>
</testsuite> <!-- com.actitime.customer.TC_Customer_Create_Valid -->
