<?xml version="1.0" encoding="UTF-8"?>
<!-- Generated by org.testng.reporters.JUnitReportReporter -->
<testsuite skipped="0" hostname="DESKTOP-2H7LN3B" name="com.actitime.testCases.TC_AT_LoginLogout_InValid" tests="1" failures="0" timestamp="04 Feb 2020 17:45:25 GMT" time="9.400" errors="0">
  <testcase name="TC_AT_LoginLogout_InValid_Test" time="9.400" classname="com.actitime.testCases.TC_AT_LoginLogout_InValid"/>
</testsuite> <!-- com.actitime.testCases.TC_AT_LoginLogout_InValid -->
