<?xml version="1.0" encoding="UTF-8"?>
<!-- Generated by org.testng.reporters.JUnitReportReporter -->
<testsuite skipped="0" hostname="DESKTOP-2H7LN3B" name="com.actitime.testCases.TC_AT_LoginLogout_Valid" tests="1" failures="0" timestamp="04 Feb 2020 17:19:53 GMT" time="11.376" errors="0">
  <testcase name="TC_AT_LoginLogout_ValidTest" time="11.376" classname="com.actitime.testCases.TC_AT_LoginLogout_Valid"/>
</testsuite> <!-- com.actitime.testCases.TC_AT_LoginLogout_Valid -->
