<?xml version="1.0" encoding="UTF-8"?>
<!-- Generated by org.testng.reporters.JUnitReportReporter -->
<testsuite skipped="0" hostname="DESKTOP-2H7LN3B" name="com.actitime.loginlogout.TC_AT_LoginLogout_InValid" tests="1" failures="0" timestamp="13 Feb 2020 01:42:02 GMT" time="11.712" errors="0">
  <testcase name="TC_AT_LoginLogout_InValid_Test" time="11.712" classname="com.actitime.loginlogout.TC_AT_LoginLogout_InValid"/>
</testsuite> <!-- com.actitime.loginlogout.TC_AT_LoginLogout_InValid -->
